<?xml version="1.0" encoding="UTF-8"?>
<!-- Generated by org.testng.reporters.JUnitXMLReporter -->
<testsuite ignored="0" hostname="Aaradana" failures="0" tests="3" name="Default test" time="2.28" errors="0" timestamp="2022-03-22T13:40:25 EDT">
  <testcase classname="extentReportExample.ExtentReportExample" name="openBing" time="0.302"/>
  <testcase classname="extentReportExample.ExtentReportExample" name="openGoogle" time="0.898"/>
  <testcase classname="extentReportExample.ExtentReportExample" name="openWikiPedia" time="1.051"/>
</testsuite> <!-- Default test -->
