<?xml version="1.0" encoding="UTF-8"?>
<testng-results ignored="0" total="3" passed="3" failed="0" skipped="0">
  <reporter-output>
  </reporter-output>
  <suite started-at="2022-03-22T13:40:23 EDT" name="Default suite" finished-at="2022-03-22T13:40:25 EDT" duration-ms="2280">
    <groups>
    </groups>
    <test started-at="2022-03-22T13:40:23 EDT" name="Default test" finished-at="2022-03-22T13:40:25 EDT" duration-ms="2280">
      <class name="extentReportExample.ExtentReportExample">
        <test-method is-config="true" signature="launchBrowser()[pri:0, instance:extentReportExample.ExtentReportExample@2a7f1f10]" started-at="2022-03-22T13:40:21 EDT" name="launchBrowser" finished-at="2022-03-22T13:40:23 EDT" duration-ms="2020" status="PASS">
          <reporter-output>
          </reporter-output>
        </test-method> <!-- launchBrowser -->
        <test-method signature="openBing()[pri:0, instance:extentReportExample.ExtentReportExample@2a7f1f10]" started-at="2022-03-22T13:40:23 EDT" name="openBing" finished-at="2022-03-22T13:40:23 EDT" duration-ms="302" status="PASS">
          <reporter-output>
          </reporter-output>
        </test-method> <!-- openBing -->
        <test-method signature="openGoogle()[pri:0, instance:extentReportExample.ExtentReportExample@2a7f1f10]" started-at="2022-03-22T13:40:23 EDT" name="openGoogle" finished-at="2022-03-22T13:40:24 EDT" duration-ms="898" status="PASS">
          <reporter-output>
          </reporter-output>
        </test-method> <!-- openGoogle -->
        <test-method signature="openWikiPedia()[pri:0, instance:extentReportExample.ExtentReportExample@2a7f1f10]" started-at="2022-03-22T13:40:24 EDT" name="openWikiPedia" finished-at="2022-03-22T13:40:25 EDT" duration-ms="1051" status="PASS">
          <reporter-output>
          </reporter-output>
        </test-method> <!-- openWikiPedia -->
        <test-method is-config="true" signature="closeBrowser()[pri:0, instance:extentReportExample.ExtentReportExample@2a7f1f10]" started-at="2022-03-22T13:40:25 EDT" name="closeBrowser" finished-at="2022-03-22T13:40:26 EDT" duration-ms="459" status="PASS">
          <reporter-output>
          </reporter-output>
        </test-method> <!-- closeBrowser -->
      </class> <!-- extentReportExample.ExtentReportExample -->
    </test> <!-- Default test -->
  </suite> <!-- Default suite -->
</testng-results>
